\BOOKMARK [1][-]{section.1}{Einleitung}{}% 1
\BOOKMARK [1][-]{section.2}{Theoretische Grundlagen}{}% 2
\BOOKMARK [2][-]{subsection.2.1}{GMR-Effekt}{section.2}% 3
\BOOKMARK [3][-]{subsubsection.2.1.1}{Mikroskopische Ursachen}{subsection.2.1}% 4
\BOOKMARK [3][-]{subsubsection.2.1.2}{Vergleich mit anderen magneto-resistiven Effekten}{subsection.2.1}% 5
\BOOKMARK [3][-]{subsubsection.2.1.3}{Zwischenschichtkopplung}{subsection.2.1}% 6
\BOOKMARK [2][-]{subsection.2.2}{GMR-Sensoren}{section.2}% 7
\BOOKMARK [3][-]{subsubsection.2.2.1}{Spin-Valve-Systeme}{subsection.2.2}% 8
\BOOKMARK [3][-]{subsubsection.2.2.2}{Prinzipieller Aufbau der GMR-Sensoren}{subsection.2.2}% 9
\BOOKMARK [2][-]{subsection.2.3}{Messung des GMR-Effekts}{section.2}% 10
\BOOKMARK [3][-]{subsubsection.2.3.1}{Methode der Vierpunktmessung}{subsection.2.3}% 11
\BOOKMARK [3][-]{subsubsection.2.3.2}{Widerstand von Schichtsystemen mit und ohne Zwischenschichtkopplung}{subsection.2.3}% 12
\BOOKMARK [1][-]{section.3}{Versuchsaufbau}{}% 13
\BOOKMARK [2][-]{subsection.3.1}{Kalibration eines GMR-Sensors zur Strommessung}{section.3}% 14
\BOOKMARK [2][-]{subsection.3.2}{Kalibration von zwei GMR-Sensoren zur Magnetfeldmessung}{section.3}% 15
\BOOKMARK [2][-]{subsection.3.3}{Messung des GMR-Effekts an Schichtsystemen}{section.3}% 16
\BOOKMARK [1][-]{section.4}{Auswertung}{}% 17
\BOOKMARK [2][-]{subsection.4.1}{Kalibration eines GMR-Sensors zur Strommessung}{section.4}% 18
\BOOKMARK [2][-]{subsection.4.2}{Kalibration von zwei GMR-Sensoren zur Magnetfeldmessung}{section.4}% 19
\BOOKMARK [3][-]{subsubsection.4.2.1}{Lange Spule}{subsection.4.2}% 20
\BOOKMARK [3][-]{subsubsection.4.2.2}{Helmholtz-Spule}{subsection.4.2}% 21
\BOOKMARK [2][-]{subsection.4.3}{Messung des GMR-Effekts an Schichtsystemen}{section.4}% 22
\BOOKMARK [3][-]{subsubsection.4.3.1}{1. Probe}{subsection.4.3}% 23
\BOOKMARK [3][-]{subsubsection.4.3.2}{2. Probe}{subsection.4.3}% 24
\BOOKMARK [3][-]{subsubsection.4.3.3}{3. Probe}{subsection.4.3}% 25
\BOOKMARK [1][-]{section.5}{Diskussion}{}% 26
\BOOKMARK [2][-]{subsection.5.1}{Kalibration zur Strommessung}{section.5}% 27
\BOOKMARK [2][-]{subsection.5.2}{Kalibration zur Magnetfeldmessung}{section.5}% 28
\BOOKMARK [2][-]{subsection.5.3}{Messung des GMR-Effektes}{section.5}% 29
\BOOKMARK [1][-]{section.6}{Literatur}{}% 30
