\BOOKMARK [1][-]{section.1}{Einleitung}{}% 1
\BOOKMARK [1][-]{section.2}{Theoretische Grundlagen}{}% 2
\BOOKMARK [2][-]{subsection.2.1}{Aufbau verschiedener Legierungen}{section.2}% 3
\BOOKMARK [3][-]{subsubsection.2.1.1}{CuZn}{subsection.2.1}% 4
\BOOKMARK [3][-]{subsubsection.2.1.2}{CuAu}{subsection.2.1}% 5
\BOOKMARK [3][-]{subsubsection.2.1.3}{Cu3Au}{subsection.2.1}% 6
\BOOKMARK [2][-]{subsection.2.2}{Ordnungsparameter und Phasen\374bergang}{section.2}% 7
\BOOKMARK [2][-]{subsection.2.3}{Reziprokes Gitter}{section.2}% 8
\BOOKMARK [2][-]{subsection.2.4}{Entstehung von R\366ntgenstrahlung}{section.2}% 9
\BOOKMARK [3][-]{subsubsection.2.4.1}{Bremsstrahlung}{subsection.2.4}% 10
\BOOKMARK [3][-]{subsubsection.2.4.2}{Charakteristische R\366ntgenstrahlung}{subsection.2.4}% 11
\BOOKMARK [2][-]{subsection.2.5}{Strukturanalyse mittels R\366ntgendiffraktion}{section.2}% 12
\BOOKMARK [2][-]{subsection.2.6}{Vierpunktmethode}{section.2}% 13
\BOOKMARK [2][-]{subsection.2.7}{Intensit\344t der gestreuten R\366ntgenstrahlung}{section.2}% 14
\BOOKMARK [1][-]{section.3}{Auswertung}{}% 15
\BOOKMARK [2][-]{subsection.3.1}{R\366ntgenographische Methode}{section.3}% 16
\BOOKMARK [3][-]{subsubsection.3.1.1}{Probe 1}{subsection.3.1}% 17
\BOOKMARK [3][-]{subsubsection.3.1.2}{Probe 2}{subsection.3.1}% 18
\BOOKMARK [3][-]{subsubsection.3.1.3}{Probe 3}{subsection.3.1}% 19
\BOOKMARK [3][-]{subsubsection.3.1.4}{Probe 2}{subsection.3.1}% 20
\BOOKMARK [3][-]{subsubsection.3.1.5}{Probe 3}{subsection.3.1}% 21
\BOOKMARK [2][-]{subsection.3.2}{Das resistive Verfahren}{section.3}% 22
\BOOKMARK [1][-]{section.4}{Diskussion}{}% 23
