\BOOKMARK [1][-]{section.1}{Theoretische Grundlagen}{}% 1
\BOOKMARK [2][-]{subsection.1.1}{Kernzerfall und Strahlungsemission}{section.1}% 2
\BOOKMARK [3][-]{subsubsection.1.1.1}{-Zerfall und Elektroneneinfang \(EC\)}{subsection.1.1}% 3
\BOOKMARK [3][-]{subsubsection.1.1.2}{Elektron-Positron-Paarbildung und Annihilation}{subsection.1.1}% 4
\BOOKMARK [2][-]{subsection.1.2}{Kennlinien eines Strahlungsspektrums}{section.1}% 5
\BOOKMARK [3][-]{subsubsection.1.2.1}{Photopeak}{subsection.1.2}% 6
\BOOKMARK [3][-]{subsubsection.1.2.2}{Compton-Kontinuum}{subsection.1.2}% 7
\BOOKMARK [3][-]{subsubsection.1.2.3}{Compton-Kante}{subsection.1.2}% 8
\BOOKMARK [3][-]{subsubsection.1.2.4}{Single-, Double-Escape-Peak, 511-keV-Linie}{subsection.1.2}% 9
\BOOKMARK [3][-]{subsubsection.1.2.5}{R\374ckstreupeak}{subsection.1.2}% 10
\BOOKMARK [2][-]{subsection.1.3}{Szintillatoren}{section.1}% 11
\BOOKMARK [2][-]{subsection.1.4}{Photomultiplier}{section.1}% 12
\BOOKMARK [2][-]{subsection.1.5}{Verst\344rker}{section.1}% 13
\BOOKMARK [2][-]{subsection.1.6}{Diskriminatoren}{section.1}% 14
\BOOKMARK [2][-]{subsection.1.7}{Time-to-Amplitude Converter}{section.1}% 15
\BOOKMARK [2][-]{subsection.1.8}{Delay}{section.1}% 16
\BOOKMARK [1][-]{section.2}{Versuchsdurchf\374hrung und Auswertung}{}% 17
\BOOKMARK [2][-]{subsection.2.1}{Vorverst\344rkersignal}{section.2}% 18
\BOOKMARK [2][-]{subsection.2.2}{Hauptverst\344rkersignal}{section.2}% 19
\BOOKMARK [2][-]{subsection.2.3}{Diskriminatorsignal}{section.2}% 20
\BOOKMARK [2][-]{subsection.2.4}{Ortsaufl\366sung der Koinzidenzmessung}{section.2}% 21
\BOOKMARK [2][-]{subsection.2.5}{PET-Scan der Truhe}{section.2}% 22
\BOOKMARK [2][-]{subsection.2.6}{Winkelabh\344ngigkeit}{section.2}% 23
\BOOKMARK [1][-]{section.3}{Fazit}{}% 24
\BOOKMARK [1][-]{section.4}{Literatur}{}% 25
